<?xml version="1.0" encoding="UTF-8"?>
<coverage generated="1428435452">
  <project timestamp="1428435452">
    <package name="Cache\Adapter">
      <file name="/home/vagrant/filecache/src/Cache/Adapter/File.php">
        <class name="File" namespace="Cache\Adapter">
          <metrics methods="8" coveredmethods="7" conditionals="0" coveredconditionals="0" statements="55" coveredstatements="48" elements="63" coveredelements="55"/>
        </class>
        <line num="20" type="method" name="setItem" crap="2" count="1"/>
        <line num="22" type="stmt" count="1"/>
        <line num="24" type="stmt" count="1"/>
        <line num="25" type="stmt" count="1"/>
        <line num="26" type="stmt" count="1"/>
        <line num="28" type="stmt" count="1"/>
        <line num="30" type="stmt" count="1"/>
        <line num="32" type="stmt" count="1"/>
        <line num="35" type="method" name="getItem" crap="3" count="4"/>
        <line num="37" type="stmt" count="4"/>
        <line num="39" type="stmt" count="4"/>
        <line num="40" type="stmt" count="1"/>
        <line num="43" type="stmt" count="3"/>
        <line num="44" type="stmt" count="2"/>
        <line num="47" type="stmt" count="2"/>
        <line num="49" type="stmt" count="2"/>
        <line num="52" type="method" name="hasItem" crap="1" count="1"/>
        <line num="56" type="stmt" count="1"/>
        <line num="59" type="method" name="removeItem" crap="2" count="2"/>
        <line num="61" type="stmt" count="2"/>
        <line num="63" type="stmt" count="2"/>
        <line num="64" type="stmt" count="1"/>
        <line num="66" type="stmt" count="1"/>
        <line num="69" type="stmt" count="1"/>
        <line num="79" type="method" name="dropItems" crap="8.58" count="2"/>
        <line num="81" type="stmt" count="2"/>
        <line num="82" type="stmt" count="1"/>
        <line num="85" type="stmt" count="1"/>
        <line num="87" type="stmt" count="1"/>
        <line num="89" type="stmt" count="1"/>
        <line num="90" type="stmt" count="1"/>
        <line num="93" type="stmt" count="1"/>
        <line num="95" type="stmt" count="1"/>
        <line num="96" type="stmt" count="0"/>
        <line num="97" type="stmt" count="0"/>
        <line num="99" type="stmt" count="0"/>
        <line num="100" type="stmt" count="0"/>
        <line num="102" type="stmt" count="0"/>
        <line num="104" type="stmt" count="0"/>
        <line num="105" type="stmt" count="0"/>
        <line num="107" type="stmt" count="1"/>
        <line num="109" type="stmt" count="1"/>
        <line num="111" type="stmt" count="1"/>
        <line num="113" type="stmt" count="1"/>
        <line num="114" type="stmt" count="1"/>
        <line num="115" type="stmt" count="1"/>
        <line num="117" type="stmt" count="1"/>
        <line num="127" type="method" name="prepareContent" crap="1" count="1"/>
        <line num="129" type="stmt" count="1"/>
        <line num="130" type="stmt" count="1"/>
        <line num="131" type="stmt" count="1"/>
        <line num="133" type="stmt" count="1"/>
        <line num="142" type="method" name="getDirectoryFromNamespace" crap="1" count="2"/>
        <line num="144" type="stmt" count="2"/>
        <line num="146" type="stmt" count="2"/>
        <line num="147" type="stmt" count="2"/>
        <line num="149" type="stmt" count="2"/>
        <line num="158" type="method" name="keyToFilename" crap="1" count="7"/>
        <line num="160" type="stmt" count="7"/>
        <line num="162" type="stmt" count="7"/>
        <line num="164" type="stmt" count="7"/>
        <line num="165" type="stmt" count="7"/>
        <line num="167" type="stmt" count="7"/>
        <metrics loc="169" ncloc="128" classes="1" methods="8" coveredmethods="7" conditionals="0" coveredconditionals="0" statements="55" coveredstatements="48" elements="63" coveredelements="55"/>
      </file>
      <file name="/home/vagrant/filecache/src/Cache/Adapter/Memcached.php">
        <class name="Memcached" namespace="Cache\Adapter">
          <metrics methods="6" coveredmethods="6" conditionals="0" coveredconditionals="0" statements="10" coveredstatements="10" elements="16" coveredelements="16"/>
        </class>
        <line num="14" type="method" name="__construct" crap="1" count="12"/>
        <line num="18" type="stmt" count="12"/>
        <line num="19" type="stmt" count="12"/>
        <line num="20" type="stmt" count="12"/>
        <line num="30" type="method" name="setItem" crap="1" count="1"/>
        <line num="33" type="stmt" count="1"/>
        <line num="43" type="method" name="getItem" crap="2" count="3"/>
        <line num="46" type="stmt" count="3"/>
        <line num="47" type="stmt" count="1"/>
        <line num="50" type="stmt" count="2"/>
        <line num="59" type="method" name="hasItem" crap="1" count="2"/>
        <line num="63" type="stmt" count="2"/>
        <line num="71" type="method" name="removeItem" crap="1" count="2"/>
        <line num="75" type="stmt" count="2"/>
        <line num="83" type="method" name="dropItems" crap="1" count="3"/>
        <line num="87" type="stmt" count="3"/>
        <metrics loc="89" ncloc="35" classes="1" methods="6" coveredmethods="6" conditionals="0" coveredconditionals="0" statements="10" coveredstatements="10" elements="16" coveredelements="16"/>
      </file>
    </package>
    <file name="/home/vagrant/filecache/src/Cache/AdapterInterface.php">
      <metrics loc="50" ncloc="15" classes="0" methods="0" coveredmethods="0" conditionals="0" coveredconditionals="0" statements="0" coveredstatements="0" elements="0" coveredelements="0"/>
    </file>
    <package name="Cache">
      <file name="/home/vagrant/filecache/src/Cache/Cache.php">
        <class name="Cache" namespace="Cache" fullPackage="Cache" package="Cache">
          <metrics methods="6" coveredmethods="5" conditionals="0" coveredconditionals="0" statements="10" coveredstatements="9" elements="16" coveredelements="14"/>
        </class>
        <line num="18" type="method" name="setAdapter" crap="1" count="7"/>
        <line num="20" type="stmt" count="7"/>
        <line num="21" type="stmt" count="7"/>
        <line num="26" type="method" name="getAdapter" crap="1" count="1"/>
        <line num="28" type="stmt" count="1"/>
        <line num="36" type="method" name="setNamespace" crap="2" count="2"/>
        <line num="38" type="stmt" count="2"/>
        <line num="39" type="stmt" count="1"/>
        <line num="42" type="stmt" count="1"/>
        <line num="44" type="stmt" count="1"/>
        <line num="52" type="method" name="getNamespace" crap="2" count="0"/>
        <line num="54" type="stmt" count="0"/>
        <line num="65" type="method" name="addItem" crap="1" count="1"/>
        <line num="67" type="stmt" count="1"/>
        <line num="75" type="method" name="getItem" crap="1" count="2"/>
        <line num="77" type="stmt" count="2"/>
        <metrics loc="79" ncloc="45" classes="1" methods="6" coveredmethods="5" conditionals="0" coveredconditionals="0" statements="10" coveredstatements="9" elements="16" coveredelements="14"/>
      </file>
      <file name="/home/vagrant/filecache/src/Cache/TestClass.php">
        <class name="TestClass" namespace="Cache">
          <metrics methods="2" coveredmethods="0" conditionals="0" coveredconditionals="0" statements="6" coveredstatements="0" elements="8" coveredelements="0"/>
        </class>
        <line num="12" type="method" name="setSomething" crap="2" count="0"/>
        <line num="13" type="stmt" count="0"/>
        <line num="14" type="stmt" count="0"/>
        <line num="15" type="stmt" count="0"/>
        <line num="17" type="method" name="getSomething" crap="2" count="0"/>
        <line num="18" type="stmt" count="0"/>
        <line num="19" type="stmt" count="0"/>
        <line num="20" type="stmt" count="0"/>
        <metrics loc="20" ncloc="17" classes="1" methods="2" coveredmethods="0" conditionals="0" coveredconditionals="0" statements="6" coveredstatements="0" elements="8" coveredelements="0"/>
      </file>
    </package>
    <metrics files="5" loc="407" ncloc="240" classes="4" methods="22" coveredmethods="18" conditionals="0" coveredconditionals="0" statements="81" coveredstatements="67" elements="103" coveredelements="85"/>
  </project>
</coverage>
